/*C14*/SET SCHEMA PUBLIC
DISCONNECT
/*C15*/SET SCHEMA PUBLIC
DISCONNECT
/*C16*/SET SCHEMA PUBLIC
DISCONNECT
/*C17*/SET SCHEMA PUBLIC
INSERT INTO DOGTABLE VALUES(187,'DBtestDog1525098172924','2018-04-30 00:00:00.000000',65.0E0,40.0E0)
COMMIT
DISCONNECT
/*C18*/SET SCHEMA PUBLIC
DISCONNECT
/*C19*/SET SCHEMA PUBLIC
INSERT INTO DOGTABLE VALUES(188,'DBtestDog1525098173370','2018-04-30 00:00:00.000000',65.0E0,40.0E0)
COMMIT
DISCONNECT
/*C20*/SET SCHEMA PUBLIC
DELETE FROM DOGTABLE WHERE ID=188
COMMIT
DISCONNECT
/*C21*/SET SCHEMA PUBLIC
DISCONNECT
/*C22*/SET SCHEMA PUBLIC
INSERT INTO DOGTABLE VALUES(189,'DBtestDog1525098173460','2018-04-30 00:00:00.000000',65.0E0,40.0E0)
COMMIT
DISCONNECT
/*C23*/SET SCHEMA PUBLIC
DISCONNECT
/*C24*/SET SCHEMA PUBLIC
INSERT INTO DOGTABLE VALUES(190,'DBtestDog1525098173509','2018-04-30 00:00:00.000000',65.0E0,40.0E0)
COMMIT
DISCONNECT
/*C25*/SET SCHEMA PUBLIC
DISCONNECT
